Arguments: 
  /usr/local/bin/node /usr/local/bin/yarn add date-io date-fns

PATH: 
  /Users/Kamm/.opam/default/bin:/Users/Kamm/.cargo/bin:/usr/local/opt/llvm/bin:/usr/local/opt/icu4c/sbin:/usr/local/opt/icu4c/bin:/Library/Frameworks/Python.framework/Versions/3.6/bin:/Users/Kamm/.rvm/gems/ruby-2.3.4/bin:/Users/Kamm/.rvm/gems/ruby-2.3.4@global/bin:/Users/Kamm/.rvm/rubies/ruby-2.3.4/bin:/Library/Frameworks/Python.framework/Versions/3.6/bin:/Library/Frameworks/Python.framework/Versions/3.5/bin:/Library/Frameworks/Python.framework/Versions/2.7/bin:/Library/Frameworks/Python.framework/Versions/3.5/bin:/usr/local/bin:/usr/bin:/bin:/usr/sbin:/sbin:/usr/local/go/bin:/opt/X11/bin:/Users/Kamm/.rvm/bin

Yarn version: 
  1.3.2

Node version: 
  11.10.1

Platform: 
  darwin x64

npm manifest: 
  {
    "dependencies": {
      "@date-io/date-fns": "^1.3.5",
      "date-fns": "^1.30.1",
      "material-ui-pickers": "^2.2.4"
    }
  }

yarn manifest: 
  No manifest

Lockfile: 
  # THIS IS AN AUTOGENERATED FILE. DO NOT EDIT THIS FILE DIRECTLY.
  # yarn lockfile v1
  
  
  "@babel/runtime@^7.1.2", "@babel/runtime@^7.2.0":
    version "7.4.3"
    resolved "https://registry.yarnpkg.com/@babel/runtime/-/runtime-7.4.3.tgz#79888e452034223ad9609187a0ad1fe0d2ad4bdc"
    dependencies:
      regenerator-runtime "^0.13.2"
  
  "@date-io/core@^1.2.0":
    version "1.2.0"
    resolved "https://registry.yarnpkg.com/@date-io/core/-/core-1.2.0.tgz#da3a46999b8f58dc1d471c4f5373c5bff44b5794"
  
  "@date-io/date-fns@^1.3.5":
    version "1.3.5"
    resolved "https://registry.yarnpkg.com/@date-io/date-fns/-/date-fns-1.3.5.tgz#a4815500211c0ca7151729c17e12ba46520a373f"
    dependencies:
      "@date-io/core" "^1.2.0"
  
  "@types/prop-types@*":
    version "15.7.1"
    resolved "https://registry.yarnpkg.com/@types/prop-types/-/prop-types-15.7.1.tgz#f1a11e7babb0c3cad68100be381d1e064c68f1f6"
  
  "@types/react-text-mask@^5.4.3":
    version "5.4.4"
    resolved "https://registry.yarnpkg.com/@types/react-text-mask/-/react-text-mask-5.4.4.tgz#eb4606e1c431b7bd2f5e817ea141432cc63b58c1"
    dependencies:
      "@types/react" "*"
  
  "@types/react@*":
    version "16.8.14"
    resolved "https://registry.yarnpkg.com/@types/react/-/react-16.8.14.tgz#b561bfabeb8f60d12e6d4766367e7a9ae927aa18"
    dependencies:
      "@types/prop-types" "*"
      csstype "^2.2.0"
  
  clsx@^1.0.2:
    version "1.0.4"
    resolved "https://registry.yarnpkg.com/clsx/-/clsx-1.0.4.tgz#0c0171f6d5cb2fe83848463c15fcc26b4df8c2ec"
  
  csstype@^2.2.0:
    version "2.6.4"
    resolved "https://registry.yarnpkg.com/csstype/-/csstype-2.6.4.tgz#d585a6062096e324e7187f80e04f92bd0f00e37f"
  
  date-fns@^1.30.1:
    version "1.30.1"
    resolved "https://registry.yarnpkg.com/date-fns/-/date-fns-1.30.1.tgz#2e71bf0b119153dbb4cc4e88d9ea5acfb50dc05c"
  
  dom-helpers@^3.4.0:
    version "3.4.0"
    resolved "https://registry.yarnpkg.com/dom-helpers/-/dom-helpers-3.4.0.tgz#e9b369700f959f62ecde5a6babde4bccd9169af8"
    dependencies:
      "@babel/runtime" "^7.1.2"
  
  "js-tokens@^3.0.0 || ^4.0.0":
    version "4.0.0"
    resolved "https://registry.yarnpkg.com/js-tokens/-/js-tokens-4.0.0.tgz#19203fb59991df98e3a287050d4647cdeaf32499"
  
  loose-envify@^1.0.0, loose-envify@^1.4.0:
    version "1.4.0"
    resolved "https://registry.yarnpkg.com/loose-envify/-/loose-envify-1.4.0.tgz#71ee51fa7be4caec1a63839f7e682d8132d30caf"
    dependencies:
      js-tokens "^3.0.0 || ^4.0.0"
  
  material-ui-pickers@^2.2.4:
    version "2.2.4"
    resolved "https://registry.yarnpkg.com/material-ui-pickers/-/material-ui-pickers-2.2.4.tgz#8b33cfc55cbc5b2d520db45abf4b3dc94090dd3c"
    dependencies:
      "@types/react-text-mask" "^5.4.3"
      clsx "^1.0.2"
      react-event-listener "^0.6.6"
      react-text-mask "^5.4.3"
      react-transition-group "^2.5.3"
      tslib "^1.9.3"
  
  object-assign@^4.1.1:
    version "4.1.1"
    resolved "https://registry.yarnpkg.com/object-assign/-/object-assign-4.1.1.tgz#2109adc7965887cfc05cbbd442cac8bfbb360863"
  
  prop-types@^15.5.6, prop-types@^15.6.0, prop-types@^15.6.2:
    version "15.7.2"
    resolved "https://registry.yarnpkg.com/prop-types/-/prop-types-15.7.2.tgz#52c41e75b8c87e72b9d9360e0206b99dcbffa6c5"
    dependencies:
      loose-envify "^1.4.0"
      object-assign "^4.1.1"
      react-is "^16.8.1"
  
  react-event-listener@^0.6.6:
    version "0.6.6"
    resolved "https://registry.yarnpkg.com/react-event-listener/-/react-event-listener-0.6.6.tgz#758f7b991cad9086dd39fd29fad72127e1d8962a"
    dependencies:
      "@babel/runtime" "^7.2.0"
      prop-types "^15.6.0"
      warning "^4.0.1"
  
  react-is@^16.8.1:
    version "16.8.6"
    resolved "https://registry.yarnpkg.com/react-is/-/react-is-16.8.6.tgz#5bbc1e2d29141c9fbdfed456343fe2bc430a6a16"
  
  react-lifecycles-compat@^3.0.4:
    version "3.0.4"
    resolved "https://registry.yarnpkg.com/react-lifecycles-compat/-/react-lifecycles-compat-3.0.4.tgz#4f1a273afdfc8f3488a8c516bfda78f872352362"
  
  react-text-mask@^5.4.3:
    version "5.4.3"
    resolved "https://registry.yarnpkg.com/react-text-mask/-/react-text-mask-5.4.3.tgz#991efb4299e30c2e6c2c46d13f617169463e0d2d"
    dependencies:
      prop-types "^15.5.6"
  
  react-transition-group@^2.5.3:
    version "2.9.0"
    resolved "https://registry.yarnpkg.com/react-transition-group/-/react-transition-group-2.9.0.tgz#df9cdb025796211151a436c69a8f3b97b5b07c8d"
    dependencies:
      dom-helpers "^3.4.0"
      loose-envify "^1.4.0"
      prop-types "^15.6.2"
      react-lifecycles-compat "^3.0.4"
  
  regenerator-runtime@^0.13.2:
    version "0.13.2"
    resolved "https://registry.yarnpkg.com/regenerator-runtime/-/regenerator-runtime-0.13.2.tgz#32e59c9a6fb9b1a4aff09b4930ca2d4477343447"
  
  tslib@^1.9.3:
    version "1.9.3"
    resolved "https://registry.yarnpkg.com/tslib/-/tslib-1.9.3.tgz#d7e4dd79245d85428c4d7e4822a79917954ca286"
  
  warning@^4.0.1:
    version "4.0.3"
    resolved "https://registry.yarnpkg.com/warning/-/warning-4.0.3.tgz#16e9e077eb8a86d6af7d64aa1e05fd85b4678ca3"
    dependencies:
      loose-envify "^1.0.0"

Trace: 
  Error: https://registry.yarnpkg.com/date-io: Not found
      at Request.params.callback [as _callback] (/usr/local/lib/node_modules/yarn/lib/cli.js:62098:18)
      at Request.self.callback (/usr/local/lib/node_modules/yarn/lib/cli.js:123085:22)
      at Request.emit (events.js:197:13)
      at Request.<anonymous> (/usr/local/lib/node_modules/yarn/lib/cli.js:124068:10)
      at Request.emit (events.js:197:13)
      at IncomingMessage.<anonymous> (/usr/local/lib/node_modules/yarn/lib/cli.js:123988:12)
      at Object.onceWrapper (events.js:285:13)
      at IncomingMessage.emit (events.js:202:15)
      at endReadableNT (_stream_readable.js:1129:12)
      at processTicksAndRejections (internal/process/next_tick.js:76:17)
